<?xml version="1.0" encoding="UTF-8"?>
<!-- Generated by org.testng.reporters.JUnitXMLReporter -->
<testsuite hostname="LAPTOP-E8BQ84FL" ignored="0" name="Command line test" tests="2" failures="0" timestamp="20 Dec 2017 20:23:09 GMT" time="93.467" errors="0">
  <testcase name="sendingEmailTest" time="35.529" classname="com.automation.tests.LoginPageTest"/>
  <testcase name="verifyEmailReceived" time="33.835" classname="com.automation.tests.LoginPageTest"/>
</testsuite> <!-- Command line test -->
