<?xml version="1.0" encoding="UTF-8"?>
<testng-results skipped="0" failed="0" total="2" passed="2">
  <reporter-output>
  </reporter-output>
  <suite name="Default suite" duration-ms="64955" started-at="2017-12-25T00:02:43Z" finished-at="2017-12-25T00:03:48Z">
    <groups>
    </groups>
    <test name="Default test" duration-ms="64955" started-at="2017-12-25T00:02:43Z" finished-at="2017-12-25T00:03:48Z">
      <class name="com.automation.tests.LoginPageTest">
        <test-method status="PASS" signature="setup()[pri:0, instance:com.automation.tests.LoginPageTest@be83e4]" name="setup" is-config="true" duration-ms="4564" started-at="2017-12-24T19:02:43Z" finished-at="2017-12-24T19:02:47Z">
          <reporter-output>
          </reporter-output>
        </test-method> <!-- setup -->
        <test-method status="PASS" signature="sendingEmailTest()[pri:1, instance:com.automation.tests.LoginPageTest@be83e4]" name="sendingEmailTest" duration-ms="20119" started-at="2017-12-24T19:02:47Z" finished-at="2017-12-24T19:03:07Z">
          <reporter-output>
          </reporter-output>
        </test-method> <!-- sendingEmailTest -->
        <test-method status="PASS" signature="teardown()[pri:0, instance:com.automation.tests.LoginPageTest@be83e4]" name="teardown" is-config="true" duration-ms="7929" started-at="2017-12-24T19:03:07Z" finished-at="2017-12-24T19:03:15Z">
          <reporter-output>
          </reporter-output>
        </test-method> <!-- teardown -->
        <test-method status="PASS" signature="setup()[pri:0, instance:com.automation.tests.LoginPageTest@be83e4]" name="setup" is-config="true" duration-ms="3477" started-at="2017-12-24T19:03:15Z" finished-at="2017-12-24T19:03:19Z">
          <reporter-output>
          </reporter-output>
        </test-method> <!-- setup -->
        <test-method status="PASS" signature="verifyEmailReceived()[pri:2, instance:com.automation.tests.LoginPageTest@be83e4]" name="verifyEmailReceived" duration-ms="20840" started-at="2017-12-24T19:03:19Z" finished-at="2017-12-24T19:03:40Z">
          <reporter-output>
          </reporter-output>
        </test-method> <!-- verifyEmailReceived -->
        <test-method status="PASS" signature="teardown()[pri:0, instance:com.automation.tests.LoginPageTest@be83e4]" name="teardown" is-config="true" duration-ms="7977" started-at="2017-12-24T19:03:40Z" finished-at="2017-12-24T19:03:48Z">
          <reporter-output>
          </reporter-output>
        </test-method> <!-- teardown -->
      </class> <!-- com.automation.tests.LoginPageTest -->
    </test> <!-- Default test -->
  </suite> <!-- Default suite -->
</testng-results>
